0 info it worked if it ends with ok
1 verbose cli [ '/usr/bin/node',
1 verbose cli   '/usr/bin/npm',
1 verbose cli   'install',
1 verbose cli   '--save-dev',
1 verbose cli   'webpack-cli' ]
2 info using npm@3.5.2
3 info using node@v8.10.0
4 silly loadCurrentTree Starting
5 silly install loadCurrentTree
6 silly install readLocalPackageData
7 silly fetchPackageMetaData webpack-cli
8 silly fetchNamedPackageData webpack-cli
9 silly mapToRegistry name webpack-cli
10 silly mapToRegistry using default registry
11 silly mapToRegistry registry https://registry.npmjs.org/
12 silly mapToRegistry uri https://registry.npmjs.org/webpack-cli
13 verbose request uri https://registry.npmjs.org/webpack-cli
14 verbose request no auth needed
15 info attempt registry request try #1 at 4:38:53 PM
16 verbose request id 961c2c091a79d1ad
17 verbose etag W/"f3a25c49500ede02942173d030c0110a"
18 verbose lastModified Mon, 23 Nov 2020 19:51:10 GMT
19 http request GET https://registry.npmjs.org/webpack-cli
20 http 200 https://registry.npmjs.org/webpack-cli
21 verbose headers { date: 'Mon, 11 Jan 2021 22:38:55 GMT',
21 verbose headers   'content-type': 'application/json',
21 verbose headers   'transfer-encoding': 'chunked',
21 verbose headers   connection: 'keep-alive',
21 verbose headers   'set-cookie':
21 verbose headers    [ '__cfduid=de7f62a11dcce0c44215f4f40eb3c44771610404735; expires=Wed, 10-Feb-21 22:38:55 GMT; path=/; domain=.npmjs.org; HttpOnly; SameSite=Lax' ],
21 verbose headers   'cf-ray': '6102217d0fb4b9d4-ATL',
21 verbose headers   age: '4469',
21 verbose headers   'cache-control': 'public, max-age=300',
21 verbose headers   etag: 'W/"6ec9400f2bd91c4ffd88beeaf28ef5ff"',
21 verbose headers   'last-modified': 'Thu, 31 Dec 2020 17:32:45 GMT',
21 verbose headers   vary: 'accept-encoding, accept',
21 verbose headers   'cf-cache-status': 'HIT',
21 verbose headers   'cf-request-id': '07953342210000b9d438b24000000001',
21 verbose headers   'expect-ct': 'max-age=604800, report-uri="https://report-uri.cloudflare.com/cdn-cgi/beacon/expect-ct"',
21 verbose headers   server: 'cloudflare',
21 verbose headers   'content-encoding': 'gzip' }
22 silly get cb [ 200,
22 silly get   { date: 'Mon, 11 Jan 2021 22:38:55 GMT',
22 silly get     'content-type': 'application/json',
22 silly get     'transfer-encoding': 'chunked',
22 silly get     connection: 'keep-alive',
22 silly get     'set-cookie':
22 silly get      [ '__cfduid=de7f62a11dcce0c44215f4f40eb3c44771610404735; expires=Wed, 10-Feb-21 22:38:55 GMT; path=/; domain=.npmjs.org; HttpOnly; SameSite=Lax' ],
22 silly get     'cf-ray': '6102217d0fb4b9d4-ATL',
22 silly get     age: '4469',
22 silly get     'cache-control': 'public, max-age=300',
22 silly get     etag: 'W/"6ec9400f2bd91c4ffd88beeaf28ef5ff"',
22 silly get     'last-modified': 'Thu, 31 Dec 2020 17:32:45 GMT',
22 silly get     vary: 'accept-encoding, accept',
22 silly get     'cf-cache-status': 'HIT',
22 silly get     'cf-request-id': '07953342210000b9d438b24000000001',
22 silly get     'expect-ct': 'max-age=604800, report-uri="https://report-uri.cloudflare.com/cdn-cgi/beacon/expect-ct"',
22 silly get     server: 'cloudflare',
22 silly get     'content-encoding': 'gzip' } ]
23 verbose get saving webpack-cli to /home/gjulaka/.npm/registry.npmjs.org/webpack-cli/.cache.json
24 silly install normalizeTree
25 silly loadCurrentTree Finishing
26 silly loadIdealTree Starting
27 silly install loadIdealTree
28 silly cloneCurrentTree Starting
29 silly install cloneCurrentTreeToIdealTree
30 silly cloneCurrentTree Finishing
31 silly loadShrinkwrap Starting
32 silly install loadShrinkwrap
33 silly loadShrinkwrap Finishing
34 silly loadAllDepsIntoIdealTree Starting
35 silly install loadAllDepsIntoIdealTree
36 silly resolveWithNewModule webpack-cli@4.3.1 checking installable status
37 silly cache add args [ 'webpack-cli', null ]
38 verbose cache add spec webpack-cli
39 silly cache add parsed spec Result {
39 silly cache add   raw: 'webpack-cli',
39 silly cache add   scope: null,
39 silly cache add   name: 'webpack-cli',
39 silly cache add   rawSpec: '',
39 silly cache add   spec: 'latest',
39 silly cache add   type: 'tag' }
40 silly addNamed webpack-cli@latest
41 verbose addNamed "latest" is being treated as a dist-tag for webpack-cli
42 info addNameTag [ 'webpack-cli', 'latest' ]
43 silly mapToRegistry name webpack-cli
44 silly mapToRegistry using default registry
45 silly mapToRegistry registry https://registry.npmjs.org/
46 silly mapToRegistry uri https://registry.npmjs.org/webpack-cli
47 verbose addNameTag registry:https://registry.npmjs.org/webpack-cli not in flight; fetching
48 verbose get https://registry.npmjs.org/webpack-cli not expired, no request
49 silly addNameTag next cb for webpack-cli with tag latest
50 silly addNamed webpack-cli@4.3.1
51 verbose addNamed "4.3.1" is a plain semver version for webpack-cli
52 silly mapToRegistry name webpack-cli
53 silly mapToRegistry using default registry
54 silly mapToRegistry registry https://registry.npmjs.org/
55 silly mapToRegistry uri https://registry.npmjs.org/webpack-cli
56 verbose addRemoteTarball https://registry.npmjs.org/webpack-cli/-/webpack-cli-4.3.1.tgz not in flight; adding
57 verbose addRemoteTarball [ 'https://registry.npmjs.org/webpack-cli/-/webpack-cli-4.3.1.tgz',
57 verbose addRemoteTarball   '87a7873bc9c6a4708aa657759274b691e72a04a8' ]
58 info retry fetch attempt 1 at 4:38:55 PM
59 info attempt registry request try #1 at 4:38:55 PM
60 http fetch GET https://registry.npmjs.org/webpack-cli/-/webpack-cli-4.3.1.tgz
61 http fetch 200 https://registry.npmjs.org/webpack-cli/-/webpack-cli-4.3.1.tgz
62 silly fetchAndShaCheck shasum 87a7873bc9c6a4708aa657759274b691e72a04a8
63 verbose addTmpTarball /tmp/npm-3622-5e71358d/registry.npmjs.org/webpack-cli/-/webpack-cli-4.3.1.tgz not in flight; adding
64 verbose addTmpTarball already have metadata; skipping unpack for webpack-cli@4.3.1
65 silly cache afterAdd webpack-cli@4.3.1
66 verbose afterAdd /home/gjulaka/.npm/webpack-cli/4.3.1/package/package.json not in flight; writing
67 verbose afterAdd /home/gjulaka/.npm/webpack-cli/4.3.1/package/package.json written
68 silly fetchNamedPackageData @discoveryjs/json-ext
69 silly mapToRegistry name @discoveryjs/json-ext
70 silly mapToRegistry scope (from package name) @discoveryjs
71 verbose mapToRegistry no registry URL found in name for scope @discoveryjs
72 silly mapToRegistry using default registry
73 silly mapToRegistry registry https://registry.npmjs.org/
74 silly mapToRegistry uri https://registry.npmjs.org/@discoveryjs%2fjson-ext
75 silly fetchNamedPackageData @webpack-cli/info
76 silly mapToRegistry name @webpack-cli/info
77 silly mapToRegistry scope (from package name) @webpack-cli
78 verbose mapToRegistry no registry URL found in name for scope @webpack-cli
79 silly mapToRegistry using default registry
80 silly mapToRegistry registry https://registry.npmjs.org/
81 silly mapToRegistry uri https://registry.npmjs.org/@webpack-cli%2finfo
82 silly fetchNamedPackageData @webpack-cli/serve
83 silly mapToRegistry name @webpack-cli/serve
84 silly mapToRegistry scope (from package name) @webpack-cli
85 verbose mapToRegistry no registry URL found in name for scope @webpack-cli
86 silly mapToRegistry using default registry
87 silly mapToRegistry registry https://registry.npmjs.org/
88 silly mapToRegistry uri https://registry.npmjs.org/@webpack-cli%2fserve
89 silly fetchNamedPackageData colorette
90 silly mapToRegistry name colorette
91 silly mapToRegistry using default registry
92 silly mapToRegistry registry https://registry.npmjs.org/
93 silly mapToRegistry uri https://registry.npmjs.org/colorette
94 silly fetchNamedPackageData commander
95 silly mapToRegistry name commander
96 silly mapToRegistry using default registry
97 silly mapToRegistry registry https://registry.npmjs.org/
98 silly mapToRegistry uri https://registry.npmjs.org/commander
99 silly fetchNamedPackageData enquirer
100 silly mapToRegistry name enquirer
101 silly mapToRegistry using default registry
102 silly mapToRegistry registry https://registry.npmjs.org/
103 silly mapToRegistry uri https://registry.npmjs.org/enquirer
104 silly fetchNamedPackageData execa
105 silly mapToRegistry name execa
106 silly mapToRegistry using default registry
107 silly mapToRegistry registry https://registry.npmjs.org/
108 silly mapToRegistry uri https://registry.npmjs.org/execa
109 silly fetchNamedPackageData fastest-levenshtein
110 silly mapToRegistry name fastest-levenshtein
111 silly mapToRegistry using default registry
112 silly mapToRegistry registry https://registry.npmjs.org/
113 silly mapToRegistry uri https://registry.npmjs.org/fastest-levenshtein
114 silly fetchNamedPackageData import-local
115 silly mapToRegistry name import-local
116 silly mapToRegistry using default registry
117 silly mapToRegistry registry https://registry.npmjs.org/
118 silly mapToRegistry uri https://registry.npmjs.org/import-local
119 silly fetchNamedPackageData interpret
120 silly mapToRegistry name interpret
121 silly mapToRegistry using default registry
122 silly mapToRegistry registry https://registry.npmjs.org/
123 silly mapToRegistry uri https://registry.npmjs.org/interpret
124 silly fetchNamedPackageData rechoir
125 silly mapToRegistry name rechoir
126 silly mapToRegistry using default registry
127 silly mapToRegistry registry https://registry.npmjs.org/
128 silly mapToRegistry uri https://registry.npmjs.org/rechoir
129 silly fetchNamedPackageData v8-compile-cache
130 silly mapToRegistry name v8-compile-cache
131 silly mapToRegistry using default registry
132 silly mapToRegistry registry https://registry.npmjs.org/
133 silly mapToRegistry uri https://registry.npmjs.org/v8-compile-cache
134 silly fetchNamedPackageData webpack-merge
135 silly mapToRegistry name webpack-merge
136 silly mapToRegistry using default registry
137 silly mapToRegistry registry https://registry.npmjs.org/
138 silly mapToRegistry uri https://registry.npmjs.org/webpack-merge
139 verbose request uri https://registry.npmjs.org/@discoveryjs%2fjson-ext
140 verbose request no auth needed
141 info attempt registry request try #1 at 4:38:55 PM
142 http request GET https://registry.npmjs.org/@discoveryjs%2fjson-ext
143 verbose request uri https://registry.npmjs.org/@webpack-cli%2finfo
144 verbose request no auth needed
145 info attempt registry request try #1 at 4:38:55 PM
146 http request GET https://registry.npmjs.org/@webpack-cli%2finfo
147 verbose request uri https://registry.npmjs.org/@webpack-cli%2fserve
148 verbose request no auth needed
149 info attempt registry request try #1 at 4:38:55 PM
150 http request GET https://registry.npmjs.org/@webpack-cli%2fserve
151 verbose request uri https://registry.npmjs.org/commander
152 verbose request no auth needed
153 info attempt registry request try #1 at 4:38:55 PM
154 http request GET https://registry.npmjs.org/commander
155 verbose request uri https://registry.npmjs.org/enquirer
156 verbose request no auth needed
157 info attempt registry request try #1 at 4:38:55 PM
158 http request GET https://registry.npmjs.org/enquirer
159 verbose request uri https://registry.npmjs.org/execa
160 verbose request no auth needed
161 info attempt registry request try #1 at 4:38:55 PM
162 http request GET https://registry.npmjs.org/execa
163 verbose request uri https://registry.npmjs.org/fastest-levenshtein
164 verbose request no auth needed
165 info attempt registry request try #1 at 4:38:55 PM
166 http request GET https://registry.npmjs.org/fastest-levenshtein
167 verbose request uri https://registry.npmjs.org/import-local
168 verbose request no auth needed
169 info attempt registry request try #1 at 4:38:55 PM
170 http request GET https://registry.npmjs.org/import-local
171 verbose request uri https://registry.npmjs.org/interpret
172 verbose request no auth needed
173 info attempt registry request try #1 at 4:38:55 PM
174 http request GET https://registry.npmjs.org/interpret
175 verbose request uri https://registry.npmjs.org/rechoir
176 verbose request no auth needed
177 info attempt registry request try #1 at 4:38:55 PM
178 http request GET https://registry.npmjs.org/rechoir
179 verbose request uri https://registry.npmjs.org/v8-compile-cache
180 verbose request no auth needed
181 info attempt registry request try #1 at 4:38:55 PM
182 http request GET https://registry.npmjs.org/v8-compile-cache
183 verbose request uri https://registry.npmjs.org/webpack-merge
184 verbose request no auth needed
185 info attempt registry request try #1 at 4:38:55 PM
186 http request GET https://registry.npmjs.org/webpack-merge
187 verbose request uri https://registry.npmjs.org/colorette
188 verbose request no auth needed
189 info attempt registry request try #1 at 4:38:55 PM
190 verbose etag W/"665ad403f25cfae166255a97f1ef22d0"
191 verbose lastModified Sun, 05 Jul 2020 13:33:21 GMT
192 http request GET https://registry.npmjs.org/colorette
193 http 200 https://registry.npmjs.org/@discoveryjs%2fjson-ext
194 verbose headers { date: 'Mon, 11 Jan 2021 22:38:55 GMT',
194 verbose headers   'content-type': 'application/json',
194 verbose headers   'transfer-encoding': 'chunked',
194 verbose headers   connection: 'keep-alive',
194 verbose headers   'set-cookie':
194 verbose headers    [ '__cfduid=de7f62a11dcce0c44215f4f40eb3c44771610404735; expires=Wed, 10-Feb-21 22:38:55 GMT; path=/; domain=.npmjs.org; HttpOnly; SameSite=Lax' ],
194 verbose headers   'cf-ray': '6102217e98b0b9d4-ATL',
194 verbose headers   age: '6026',
194 verbose headers   'cache-control': 'public, max-age=300',
194 verbose headers   etag: 'W/"00961a02ab470eb9e3fb03566557b32a"',
194 verbose headers   'last-modified': 'Sat, 26 Dec 2020 14:40:46 GMT',
194 verbose headers   vary: 'accept-encoding, accept',
194 verbose headers   'cf-cache-status': 'HIT',
194 verbose headers   'cf-request-id': '07953343200000b9d45e88c000000001',
194 verbose headers   'expect-ct': 'max-age=604800, report-uri="https://report-uri.cloudflare.com/cdn-cgi/beacon/expect-ct"',
194 verbose headers   server: 'cloudflare',
194 verbose headers   'content-encoding': 'gzip' }
195 silly get cb [ 200,
195 silly get   { date: 'Mon, 11 Jan 2021 22:38:55 GMT',
195 silly get     'content-type': 'application/json',
195 silly get     'transfer-encoding': 'chunked',
195 silly get     connection: 'keep-alive',
195 silly get     'set-cookie':
195 silly get      [ '__cfduid=de7f62a11dcce0c44215f4f40eb3c44771610404735; expires=Wed, 10-Feb-21 22:38:55 GMT; path=/; domain=.npmjs.org; HttpOnly; SameSite=Lax' ],
195 silly get     'cf-ray': '6102217e98b0b9d4-ATL',
195 silly get     age: '6026',
195 silly get     'cache-control': 'public, max-age=300',
195 silly get     etag: 'W/"00961a02ab470eb9e3fb03566557b32a"',
195 silly get     'last-modified': 'Sat, 26 Dec 2020 14:40:46 GMT',
195 silly get     vary: 'accept-encoding, accept',
195 silly get     'cf-cache-status': 'HIT',
195 silly get     'cf-request-id': '07953343200000b9d45e88c000000001',
195 silly get     'expect-ct': 'max-age=604800, report-uri="https://report-uri.cloudflare.com/cdn-cgi/beacon/expect-ct"',
195 silly get     server: 'cloudflare',
195 silly get     'content-encoding': 'gzip' } ]
196 verbose get saving @discoveryjs/json-ext to /home/gjulaka/.npm/registry.npmjs.org/_40discoveryjs_252fjson-ext/.cache.json
197 silly resolveWithNewModule @discoveryjs/json-ext@0.5.2 checking installable status
198 silly cache add args [ '@discoveryjs/json-ext@^0.5.0', null ]
199 verbose cache add spec @discoveryjs/json-ext@^0.5.0
200 silly cache add parsed spec Result {
200 silly cache add   raw: '@discoveryjs/json-ext@^0.5.0',
200 silly cache add   scope: '@discoveryjs',
200 silly cache add   name: '@discoveryjs/json-ext',
200 silly cache add   rawSpec: '^0.5.0',
200 silly cache add   spec: '>=0.5.0 <0.6.0',
200 silly cache add   type: 'range' }
201 silly addNamed @discoveryjs/json-ext@>=0.5.0 <0.6.0
202 verbose addNamed ">=0.5.0 <0.6.0" is a valid semver range for @discoveryjs/json-ext
203 silly addNameRange { name: '@discoveryjs/json-ext',
203 silly addNameRange   range: '>=0.5.0 <0.6.0',
203 silly addNameRange   hasData: false }
204 silly mapToRegistry name @discoveryjs/json-ext
205 silly mapToRegistry scope (from package name) @discoveryjs
206 verbose mapToRegistry no registry URL found in name for scope @discoveryjs
207 silly mapToRegistry using default registry
208 silly mapToRegistry registry https://registry.npmjs.org/
209 silly mapToRegistry uri https://registry.npmjs.org/@discoveryjs%2fjson-ext
210 verbose addNameRange registry:https://registry.npmjs.org/@discoveryjs%2fjson-ext not in flight; fetching
211 verbose get https://registry.npmjs.org/@discoveryjs%2fjson-ext not expired, no request
212 silly addNameRange number 2 { name: '@discoveryjs/json-ext',
212 silly addNameRange   range: '>=0.5.0 <0.6.0',
212 silly addNameRange   hasData: true }
213 silly addNameRange versions [ '@discoveryjs/json-ext',
213 silly addNameRange   [ '0.1.0',
213 silly addNameRange     '0.1.1',
213 silly addNameRange     '0.2.0',
213 silly addNameRange     '0.3.0',
213 silly addNameRange     '0.3.1',
213 silly addNameRange     '0.3.2',
213 silly addNameRange     '0.4.0',
213 silly addNameRange     '0.5.0',
213 silly addNameRange     '0.5.1',
213 silly addNameRange     '0.5.2' ] ]
214 silly addNamed @discoveryjs/json-ext@0.5.2
215 verbose addNamed "0.5.2" is a plain semver version for @discoveryjs/json-ext
216 silly mapToRegistry name @discoveryjs/json-ext
217 silly mapToRegistry scope (from package name) @discoveryjs
218 verbose mapToRegistry no registry URL found in name for scope @discoveryjs
219 silly mapToRegistry using default registry
220 silly mapToRegistry registry https://registry.npmjs.org/
221 silly mapToRegistry uri https://registry.npmjs.org/@discoveryjs%2fjson-ext
222 verbose addRemoteTarball https://registry.npmjs.org/@discoveryjs/json-ext/-/json-ext-0.5.2.tgz not in flight; adding
223 verbose addRemoteTarball [ 'https://registry.npmjs.org/@discoveryjs/json-ext/-/json-ext-0.5.2.tgz',
223 verbose addRemoteTarball   '8f03a22a04de437254e8ce8cc84ba39689288752' ]
224 http 200 https://registry.npmjs.org/interpret
225 verbose headers { date: 'Mon, 11 Jan 2021 22:38:55 GMT',
225 verbose headers   'content-type': 'application/json',
225 verbose headers   'transfer-encoding': 'chunked',
225 verbose headers   connection: 'keep-alive',
225 verbose headers   'set-cookie':
225 verbose headers    [ '__cfduid=dd595f5af3430ccd2649852e6cdbc13321610404735; expires=Wed, 10-Feb-21 22:38:55 GMT; path=/; domain=.npmjs.org; HttpOnly; SameSite=Lax' ],
225 verbose headers   'cf-ray': '6102217eef8d1837-ATL',
225 verbose headers   age: '4624',
225 verbose headers   'cache-control': 'public, max-age=300',
225 verbose headers   etag: 'W/"99f2474b51cd43f129b9d8a812129e11"',
225 verbose headers   'last-modified': 'Wed, 03 Jun 2020 06:52:10 GMT',
225 verbose headers   vary: 'accept-encoding, accept',
225 verbose headers   'cf-cache-status': 'HIT',
225 verbose headers   'cf-request-id': '079533435000001837058bd000000001',
225 verbose headers   'expect-ct': 'max-age=604800, report-uri="https://report-uri.cloudflare.com/cdn-cgi/beacon/expect-ct"',
225 verbose headers   server: 'cloudflare',
225 verbose headers   'content-encoding': 'gzip' }
226 silly get cb [ 200,
226 silly get   { date: 'Mon, 11 Jan 2021 22:38:55 GMT',
226 silly get     'content-type': 'application/json',
226 silly get     'transfer-encoding': 'chunked',
226 silly get     connection: 'keep-alive',
226 silly get     'set-cookie':
226 silly get      [ '__cfduid=dd595f5af3430ccd2649852e6cdbc13321610404735; expires=Wed, 10-Feb-21 22:38:55 GMT; path=/; domain=.npmjs.org; HttpOnly; SameSite=Lax' ],
226 silly get     'cf-ray': '6102217eef8d1837-ATL',
226 silly get     age: '4624',
226 silly get     'cache-control': 'public, max-age=300',
226 silly get     etag: 'W/"99f2474b51cd43f129b9d8a812129e11"',
226 silly get     'last-modified': 'Wed, 03 Jun 2020 06:52:10 GMT',
226 silly get     vary: 'accept-encoding, accept',
226 silly get     'cf-cache-status': 'HIT',
226 silly get     'cf-request-id': '079533435000001837058bd000000001',
226 silly get     'expect-ct': 'max-age=604800, report-uri="https://report-uri.cloudflare.com/cdn-cgi/beacon/expect-ct"',
226 silly get     server: 'cloudflare',
226 silly get     'content-encoding': 'gzip' } ]
227 verbose get saving interpret to /home/gjulaka/.npm/registry.npmjs.org/interpret/.cache.json
228 info retry fetch attempt 1 at 4:38:55 PM
229 info attempt registry request try #1 at 4:38:55 PM
230 http fetch GET https://registry.npmjs.org/@discoveryjs/json-ext/-/json-ext-0.5.2.tgz
231 http 304 https://registry.npmjs.org/colorette
232 verbose headers { date: 'Mon, 11 Jan 2021 22:38:55 GMT',
232 verbose headers   connection: 'keep-alive',
232 verbose headers   'set-cookie':
232 verbose headers    [ '__cfduid=dd0c837bbb2efc378bbe1b7fc0b9faf6a1610404735; expires=Wed, 10-Feb-21 22:38:55 GMT; path=/; domain=.npmjs.org; HttpOnly; SameSite=Lax' ],
232 verbose headers   'cf-ray': '6102217efc1007d2-ATL',
232 verbose headers   age: '6446',
232 verbose headers   'cache-control': 'public, max-age=300',
232 verbose headers   etag: '"665ad403f25cfae166255a97f1ef22d0"',
232 verbose headers   'last-modified': 'Sun, 05 Jul 2020 13:33:21 GMT',
232 verbose headers   vary: 'Accept-Encoding',
232 verbose headers   'cf-cache-status': 'HIT',
232 verbose headers   'cf-request-id': '079533435b000007d2a695f000000001',
232 verbose headers   'expect-ct': 'max-age=604800, report-uri="https://report-uri.cloudflare.com/cdn-cgi/beacon/expect-ct"',
232 verbose headers   server: 'cloudflare' }
233 silly get cb [ 304,
233 silly get   { date: 'Mon, 11 Jan 2021 22:38:55 GMT',
233 silly get     connection: 'keep-alive',
233 silly get     'set-cookie':
233 silly get      [ '__cfduid=dd0c837bbb2efc378bbe1b7fc0b9faf6a1610404735; expires=Wed, 10-Feb-21 22:38:55 GMT; path=/; domain=.npmjs.org; HttpOnly; SameSite=Lax' ],
233 silly get     'cf-ray': '6102217efc1007d2-ATL',
233 silly get     age: '6446',
233 silly get     'cache-control': 'public, max-age=300',
233 silly get     etag: '"665ad403f25cfae166255a97f1ef22d0"',
233 silly get     'last-modified': 'Sun, 05 Jul 2020 13:33:21 GMT',
233 silly get     vary: 'Accept-Encoding',
233 silly get     'cf-cache-status': 'HIT',
233 silly get     'cf-request-id': '079533435b000007d2a695f000000001',
233 silly get     'expect-ct': 'max-age=604800, report-uri="https://report-uri.cloudflare.com/cdn-cgi/beacon/expect-ct"',
233 silly get     server: 'cloudflare' } ]
234 verbose etag https://registry.npmjs.org/colorette from cache
235 verbose get saving colorette to /home/gjulaka/.npm/registry.npmjs.org/colorette/.cache.json
236 http 200 https://registry.npmjs.org/@webpack-cli%2fserve
237 verbose headers { date: 'Mon, 11 Jan 2021 22:38:55 GMT',
237 verbose headers   'content-type': 'application/json',
237 verbose headers   'transfer-encoding': 'chunked',
237 verbose headers   connection: 'keep-alive',
237 verbose headers   'set-cookie':
237 verbose headers    [ '__cfduid=d75268a4ce841ce2a063cf8c3859e5f2d1610404735; expires=Wed, 10-Feb-21 22:38:55 GMT; path=/; domain=.npmjs.org; HttpOnly; SameSite=Lax' ],
237 verbose headers   'cf-ray': '6102217ece390807-ATL',
237 verbose headers   age: '6025',
237 verbose headers   'cache-control': 'public, max-age=300',
237 verbose headers   etag: 'W/"b8980937cef70ad7f7927e6c21724618"',
237 verbose headers   'last-modified': 'Thu, 31 Dec 2020 17:32:11 GMT',
237 verbose headers   vary: 'accept-encoding, accept',
237 verbose headers   'cf-cache-status': 'HIT',
237 verbose headers   'cf-request-id': '079533434000000807fdafb000000001',
237 verbose headers   'expect-ct': 'max-age=604800, report-uri="https://report-uri.cloudflare.com/cdn-cgi/beacon/expect-ct"',
237 verbose headers   server: 'cloudflare',
237 verbose headers   'content-encoding': 'gzip' }
238 silly get cb [ 200,
238 silly get   { date: 'Mon, 11 Jan 2021 22:38:55 GMT',
238 silly get     'content-type': 'application/json',
238 silly get     'transfer-encoding': 'chunked',
238 silly get     connection: 'keep-alive',
238 silly get     'set-cookie':
238 silly get      [ '__cfduid=d75268a4ce841ce2a063cf8c3859e5f2d1610404735; expires=Wed, 10-Feb-21 22:38:55 GMT; path=/; domain=.npmjs.org; HttpOnly; SameSite=Lax' ],
238 silly get     'cf-ray': '6102217ece390807-ATL',
238 silly get     age: '6025',
238 silly get     'cache-control': 'public, max-age=300',
238 silly get     etag: 'W/"b8980937cef70ad7f7927e6c21724618"',
238 silly get     'last-modified': 'Thu, 31 Dec 2020 17:32:11 GMT',
238 silly get     vary: 'accept-encoding, accept',
238 silly get     'cf-cache-status': 'HIT',
238 silly get     'cf-request-id': '079533434000000807fdafb000000001',
238 silly get     'expect-ct': 'max-age=604800, report-uri="https://report-uri.cloudflare.com/cdn-cgi/beacon/expect-ct"',
238 silly get     server: 'cloudflare',
238 silly get     'content-encoding': 'gzip' } ]
239 verbose get saving @webpack-cli/serve to /home/gjulaka/.npm/registry.npmjs.org/_40webpack-cli_252fserve/.cache.json
240 http 200 https://registry.npmjs.org/import-local
241 verbose headers { date: 'Mon, 11 Jan 2021 22:38:55 GMT',
241 verbose headers   'content-type': 'application/json',
241 verbose headers   'transfer-encoding': 'chunked',
241 verbose headers   connection: 'keep-alive',
241 verbose headers   'set-cookie':
241 verbose headers    [ '__cfduid=ddad9ee7870b79638a594ecac1589be311610404735; expires=Wed, 10-Feb-21 22:38:55 GMT; path=/; domain=.npmjs.org; HttpOnly; SameSite=Lax' ],
241 verbose headers   'cf-ray': '6102217ee8b7ba82-ATL',
241 verbose headers   age: '3093',
241 verbose headers   'cache-control': 'public, max-age=300',
241 verbose headers   etag: 'W/"b7c9be1aacde66a1f6184ba503dbca7b"',
241 verbose headers   'last-modified': 'Wed, 24 Jul 2019 06:33:38 GMT',
241 verbose headers   vary: 'accept-encoding, accept',
241 verbose headers   'cf-cache-status': 'HIT',
241 verbose headers   'cf-request-id': '07953343510000ba82e62a2000000001',
241 verbose headers   'expect-ct': 'max-age=604800, report-uri="https://report-uri.cloudflare.com/cdn-cgi/beacon/expect-ct"',
241 verbose headers   server: 'cloudflare',
241 verbose headers   'content-encoding': 'gzip' }
242 silly get cb [ 200,
242 silly get   { date: 'Mon, 11 Jan 2021 22:38:55 GMT',
242 silly get     'content-type': 'application/json',
242 silly get     'transfer-encoding': 'chunked',
242 silly get     connection: 'keep-alive',
242 silly get     'set-cookie':
242 silly get      [ '__cfduid=ddad9ee7870b79638a594ecac1589be311610404735; expires=Wed, 10-Feb-21 22:38:55 GMT; path=/; domain=.npmjs.org; HttpOnly; SameSite=Lax' ],
242 silly get     'cf-ray': '6102217ee8b7ba82-ATL',
242 silly get     age: '3093',
242 silly get     'cache-control': 'public, max-age=300',
242 silly get     etag: 'W/"b7c9be1aacde66a1f6184ba503dbca7b"',
242 silly get     'last-modified': 'Wed, 24 Jul 2019 06:33:38 GMT',
242 silly get     vary: 'accept-encoding, accept',
242 silly get     'cf-cache-status': 'HIT',
242 silly get     'cf-request-id': '07953343510000ba82e62a2000000001',
242 silly get     'expect-ct': 'max-age=604800, report-uri="https://report-uri.cloudflare.com/cdn-cgi/beacon/expect-ct"',
242 silly get     server: 'cloudflare',
242 silly get     'content-encoding': 'gzip' } ]
243 verbose get saving import-local to /home/gjulaka/.npm/registry.npmjs.org/import-local/.cache.json
244 http 200 https://registry.npmjs.org/rechoir
245 verbose headers { date: 'Mon, 11 Jan 2021 22:38:55 GMT',
245 verbose headers   'content-type': 'application/json',
245 verbose headers   'transfer-encoding': 'chunked',
245 verbose headers   connection: 'keep-alive',
245 verbose headers   'set-cookie':
245 verbose headers    [ '__cfduid=d5d4d4c4f9455b6ee80ae2bd7464d63ca1610404735; expires=Wed, 10-Feb-21 22:38:55 GMT; path=/; domain=.npmjs.org; HttpOnly; SameSite=Lax' ],
245 verbose headers   'cf-ray': '6102217efe12ec19-ATL',
245 verbose headers   age: '7013',
245 verbose headers   'cache-control': 'public, max-age=300',
245 verbose headers   etag: 'W/"5ab2118f5fc9a47b92dbcfe941ded7bc"',
245 verbose headers   'last-modified': 'Sat, 05 Jan 2019 08:35:51 GMT',
245 verbose headers   vary: 'accept-encoding, accept',
245 verbose headers   'cf-cache-status': 'HIT',
245 verbose headers   'cf-request-id': '079533435a0000ec1968991000000001',
245 verbose headers   'expect-ct': 'max-age=604800, report-uri="https://report-uri.cloudflare.com/cdn-cgi/beacon/expect-ct"',
245 verbose headers   server: 'cloudflare',
245 verbose headers   'content-encoding': 'gzip' }
246 silly get cb [ 200,
246 silly get   { date: 'Mon, 11 Jan 2021 22:38:55 GMT',
246 silly get     'content-type': 'application/json',
246 silly get     'transfer-encoding': 'chunked',
246 silly get     connection: 'keep-alive',
246 silly get     'set-cookie':
246 silly get      [ '__cfduid=d5d4d4c4f9455b6ee80ae2bd7464d63ca1610404735; expires=Wed, 10-Feb-21 22:38:55 GMT; path=/; domain=.npmjs.org; HttpOnly; SameSite=Lax' ],
246 silly get     'cf-ray': '6102217efe12ec19-ATL',
246 silly get     age: '7013',
246 silly get     'cache-control': 'public, max-age=300',
246 silly get     etag: 'W/"5ab2118f5fc9a47b92dbcfe941ded7bc"',
246 silly get     'last-modified': 'Sat, 05 Jan 2019 08:35:51 GMT',
246 silly get     vary: 'accept-encoding, accept',
246 silly get     'cf-cache-status': 'HIT',
246 silly get     'cf-request-id': '079533435a0000ec1968991000000001',
246 silly get     'expect-ct': 'max-age=604800, report-uri="https://report-uri.cloudflare.com/cdn-cgi/beacon/expect-ct"',
246 silly get     server: 'cloudflare',
246 silly get     'content-encoding': 'gzip' } ]
247 verbose get saving rechoir to /home/gjulaka/.npm/registry.npmjs.org/rechoir/.cache.json
248 silly resolveWithNewModule interpret@2.2.0 checking installable status
249 silly cache add args [ 'interpret@^2.2.0', null ]
250 verbose cache add spec interpret@^2.2.0
251 silly cache add parsed spec Result {
251 silly cache add   raw: 'interpret@^2.2.0',
251 silly cache add   scope: null,
251 silly cache add   name: 'interpret',
251 silly cache add   rawSpec: '^2.2.0',
251 silly cache add   spec: '>=2.2.0 <3.0.0',
251 silly cache add   type: 'range' }
252 silly addNamed interpret@>=2.2.0 <3.0.0
253 verbose addNamed ">=2.2.0 <3.0.0" is a valid semver range for interpret
254 silly addNameRange { name: 'interpret', range: '>=2.2.0 <3.0.0', hasData: false }
255 silly mapToRegistry name interpret
256 silly mapToRegistry using default registry
257 silly mapToRegistry registry https://registry.npmjs.org/
258 silly mapToRegistry uri https://registry.npmjs.org/interpret
259 verbose addNameRange registry:https://registry.npmjs.org/interpret not in flight; fetching
260 verbose stack Error: Missing required argument #1
260 verbose stack     at andLogAndFinish (/usr/share/npm/lib/fetch-package-metadata.js:31:3)
260 verbose stack     at fetchPackageMetadata (/usr/share/npm/lib/fetch-package-metadata.js:51:22)
260 verbose stack     at resolveWithNewModule (/usr/share/npm/lib/install/deps.js:456:12)
260 verbose stack     at /usr/share/npm/lib/install/deps.js:457:7
260 verbose stack     at /usr/share/npm/node_modules/iferr/index.js:13:50
260 verbose stack     at /usr/share/npm/lib/fetch-package-metadata.js:37:12
260 verbose stack     at addRequestedAndFinish (/usr/share/npm/lib/fetch-package-metadata.js:82:5)
260 verbose stack     at returnAndAddMetadata (/usr/share/npm/lib/fetch-package-metadata.js:117:7)
260 verbose stack     at pickVersionFromRegistryDocument (/usr/share/npm/lib/fetch-package-metadata.js:134:20)
260 verbose stack     at /usr/share/npm/node_modules/iferr/index.js:13:50
261 verbose cwd /mnt/c/Users/VF034781/Documents/TestBed/AppAcaJavascript/JQuery/Project/Hanoi
262 error Linux 4.4.0-17763-Microsoft
263 error argv "/usr/bin/node" "/usr/bin/npm" "install" "--save-dev" "webpack-cli"
264 error node v8.10.0
265 error npm  v3.5.2
266 error code EMISSINGARG
267 error typeerror Error: Missing required argument #1
267 error typeerror     at andLogAndFinish (/usr/share/npm/lib/fetch-package-metadata.js:31:3)
267 error typeerror     at fetchPackageMetadata (/usr/share/npm/lib/fetch-package-metadata.js:51:22)
267 error typeerror     at resolveWithNewModule (/usr/share/npm/lib/install/deps.js:456:12)
267 error typeerror     at /usr/share/npm/lib/install/deps.js:457:7
267 error typeerror     at /usr/share/npm/node_modules/iferr/index.js:13:50
267 error typeerror     at /usr/share/npm/lib/fetch-package-metadata.js:37:12
267 error typeerror     at addRequestedAndFinish (/usr/share/npm/lib/fetch-package-metadata.js:82:5)
267 error typeerror     at returnAndAddMetadata (/usr/share/npm/lib/fetch-package-metadata.js:117:7)
267 error typeerror     at pickVersionFromRegistryDocument (/usr/share/npm/lib/fetch-package-metadata.js:134:20)
267 error typeerror     at /usr/share/npm/node_modules/iferr/index.js:13:50
268 error typeerror This is an error with npm itself. Please report this error at:
268 error typeerror     <http://github.com/npm/npm/issues>
269 verbose exit [ 1, true ]
